<?xml version="1.0" encoding="UTF-8"?>
<!-- Generated by org.testng.reporters.JUnitReportReporter -->
<testsuite skipped="4" hostname="Owner-PC" name="tests.LoginTest" tests="4" failures="0" timestamp="31 Jan 2018 12:56:44 GMT" time="0.000" errors="0">
  <testcase name="Home" time="0.000" classname="tests.LoginTest">
    <skipped/>
  </testcase> <!-- Home -->
  <testcase name="init" time="0.000" classname="tests.LoginTest">
    <skipped/>
  </testcase> <!-- init -->
  <testcase name="init" time="0.000" classname="tests.LoginTest">
    <skipped/>
  </testcase> <!-- init -->
  <testcase name="url" time="0.000" classname="tests.LoginTest">
    <skipped/>
  </testcase> <!-- url -->
</testsuite> <!-- tests.LoginTest -->
